{"C:\\Users\\Gustavo\\Desktop\\DH\\testing-1\\calculadora_orig\\funcionalidad.js": {"path":"C:\\Users\\Gustavo\\Desktop\\DH\\testing-1\\calculadora_orig\\funcionalidad.js","statementMap":{"0":{"start":{"line":9,"column":18},"end":{"line":9,"column":54}},"1":{"start":{"line":10,"column":14},"end":{"line":10,"column":46}},"2":{"start":{"line":11,"column":13},"end":{"line":11,"column":44}},"3":{"start":{"line":12,"column":18},"end":{"line":12,"column":54}},"4":{"start":{"line":13,"column":22},"end":{"line":13,"column":62}},"5":{"start":{"line":14,"column":16},"end":{"line":14,"column":50}},"6":{"start":{"line":15,"column":14},"end":{"line":15,"column":46}},"7":{"start":{"line":16,"column":11},"end":{"line":16,"column":40}},"8":{"start":{"line":17,"column":13},"end":{"line":17,"column":44}},"9":{"start":{"line":18,"column":13},"end":{"line":18,"column":44}},"10":{"start":{"line":19,"column":15},"end":{"line":19,"column":48}},"11":{"start":{"line":20,"column":14},"end":{"line":20,"column":46}},"12":{"start":{"line":21,"column":13},"end":{"line":21,"column":44}},"13":{"start":{"line":22,"column":13},"end":{"line":22,"column":44}},"14":{"start":{"line":23,"column":13},"end":{"line":23,"column":44}},"15":{"start":{"line":24,"column":13},"end":{"line":24,"column":44}},"16":{"start":{"line":25,"column":13},"end":{"line":25,"column":44}},"17":{"start":{"line":28,"column":2},"end":{"line":30,"column":3}},"18":{"start":{"line":29,"column":6},"end":{"line":29,"column":59}},"19":{"start":{"line":31,"column":2},"end":{"line":33,"column":3}},"20":{"start":{"line":32,"column":6},"end":{"line":32,"column":59}},"21":{"start":{"line":34,"column":2},"end":{"line":36,"column":3}},"22":{"start":{"line":35,"column":6},"end":{"line":35,"column":59}},"23":{"start":{"line":37,"column":2},"end":{"line":39,"column":3}},"24":{"start":{"line":38,"column":6},"end":{"line":38,"column":59}},"25":{"start":{"line":40,"column":2},"end":{"line":42,"column":3}},"26":{"start":{"line":41,"column":6},"end":{"line":41,"column":59}},"27":{"start":{"line":43,"column":2},"end":{"line":45,"column":3}},"28":{"start":{"line":44,"column":6},"end":{"line":44,"column":59}},"29":{"start":{"line":46,"column":2},"end":{"line":48,"column":3}},"30":{"start":{"line":47,"column":6},"end":{"line":47,"column":59}},"31":{"start":{"line":49,"column":2},"end":{"line":51,"column":3}},"32":{"start":{"line":50,"column":6},"end":{"line":50,"column":59}},"33":{"start":{"line":52,"column":2},"end":{"line":54,"column":3}},"34":{"start":{"line":53,"column":6},"end":{"line":53,"column":59}},"35":{"start":{"line":55,"column":2},"end":{"line":57,"column":3}},"36":{"start":{"line":56,"column":6},"end":{"line":56,"column":59}},"37":{"start":{"line":58,"column":2},"end":{"line":60,"column":3}},"38":{"start":{"line":59,"column":6},"end":{"line":59,"column":16}},"39":{"start":{"line":61,"column":2},"end":{"line":65,"column":3}},"40":{"start":{"line":62,"column":6},"end":{"line":62,"column":41}},"41":{"start":{"line":63,"column":6},"end":{"line":63,"column":21}},"42":{"start":{"line":64,"column":6},"end":{"line":64,"column":15}},"43":{"start":{"line":66,"column":2},"end":{"line":70,"column":3}},"44":{"start":{"line":67,"column":6},"end":{"line":67,"column":41}},"45":{"start":{"line":68,"column":6},"end":{"line":68,"column":21}},"46":{"start":{"line":69,"column":6},"end":{"line":69,"column":15}},"47":{"start":{"line":71,"column":2},"end":{"line":75,"column":3}},"48":{"start":{"line":72,"column":6},"end":{"line":72,"column":41}},"49":{"start":{"line":73,"column":6},"end":{"line":73,"column":21}},"50":{"start":{"line":74,"column":6},"end":{"line":74,"column":15}},"51":{"start":{"line":76,"column":2},"end":{"line":80,"column":3}},"52":{"start":{"line":77,"column":6},"end":{"line":77,"column":41}},"53":{"start":{"line":78,"column":6},"end":{"line":78,"column":21}},"54":{"start":{"line":79,"column":6},"end":{"line":79,"column":15}},"55":{"start":{"line":81,"column":2},"end":{"line":84,"column":3}},"56":{"start":{"line":82,"column":6},"end":{"line":82,"column":41}},"57":{"start":{"line":83,"column":6},"end":{"line":83,"column":17}},"58":{"start":{"line":89,"column":2},"end":{"line":89,"column":29}},"59":{"start":{"line":93,"column":2},"end":{"line":93,"column":29}},"60":{"start":{"line":94,"column":2},"end":{"line":94,"column":17}},"61":{"start":{"line":95,"column":2},"end":{"line":95,"column":17}},"62":{"start":{"line":96,"column":2},"end":{"line":96,"column":16}},"63":{"start":{"line":100,"column":12},"end":{"line":100,"column":13}},"64":{"start":{"line":101,"column":2},"end":{"line":114,"column":3}},"65":{"start":{"line":103,"column":6},"end":{"line":103,"column":60}},"66":{"start":{"line":104,"column":6},"end":{"line":104,"column":12}},"67":{"start":{"line":106,"column":8},"end":{"line":106,"column":62}},"68":{"start":{"line":107,"column":8},"end":{"line":107,"column":14}},"69":{"start":{"line":109,"column":6},"end":{"line":109,"column":60}},"70":{"start":{"line":110,"column":6},"end":{"line":110,"column":12}},"71":{"start":{"line":112,"column":6},"end":{"line":112,"column":60}},"72":{"start":{"line":113,"column":6},"end":{"line":113,"column":12}},"73":{"start":{"line":115,"column":2},"end":{"line":115,"column":12}},"74":{"start":{"line":116,"column":2},"end":{"line":116,"column":30}}},"fnMap":{"0":{"name":"init","decl":{"start":{"line":7,"column":9},"end":{"line":7,"column":13}},"loc":{"start":{"line":7,"column":15},"end":{"line":86,"column":1}},"line":7},"1":{"name":"(anonymous_1)","decl":{"start":{"line":28,"column":15},"end":{"line":28,"column":16}},"loc":{"start":{"line":28,"column":26},"end":{"line":30,"column":3}},"line":28},"2":{"name":"(anonymous_2)","decl":{"start":{"line":31,"column":17},"end":{"line":31,"column":18}},"loc":{"start":{"line":31,"column":28},"end":{"line":33,"column":3}},"line":31},"3":{"name":"(anonymous_3)","decl":{"start":{"line":34,"column":17},"end":{"line":34,"column":18}},"loc":{"start":{"line":34,"column":28},"end":{"line":36,"column":3}},"line":34},"4":{"name":"(anonymous_4)","decl":{"start":{"line":37,"column":19},"end":{"line":37,"column":20}},"loc":{"start":{"line":37,"column":30},"end":{"line":39,"column":3}},"line":37},"5":{"name":"(anonymous_5)","decl":{"start":{"line":40,"column":18},"end":{"line":40,"column":19}},"loc":{"start":{"line":40,"column":29},"end":{"line":42,"column":3}},"line":40},"6":{"name":"(anonymous_6)","decl":{"start":{"line":43,"column":17},"end":{"line":43,"column":18}},"loc":{"start":{"line":43,"column":28},"end":{"line":45,"column":3}},"line":43},"7":{"name":"(anonymous_7)","decl":{"start":{"line":46,"column":17},"end":{"line":46,"column":18}},"loc":{"start":{"line":46,"column":28},"end":{"line":48,"column":3}},"line":46},"8":{"name":"(anonymous_8)","decl":{"start":{"line":49,"column":17},"end":{"line":49,"column":18}},"loc":{"start":{"line":49,"column":28},"end":{"line":51,"column":3}},"line":49},"9":{"name":"(anonymous_9)","decl":{"start":{"line":52,"column":17},"end":{"line":52,"column":18}},"loc":{"start":{"line":52,"column":28},"end":{"line":54,"column":3}},"line":52},"10":{"name":"(anonymous_10)","decl":{"start":{"line":55,"column":17},"end":{"line":55,"column":18}},"loc":{"start":{"line":55,"column":28},"end":{"line":57,"column":3}},"line":55},"11":{"name":"(anonymous_11)","decl":{"start":{"line":58,"column":18},"end":{"line":58,"column":19}},"loc":{"start":{"line":58,"column":29},"end":{"line":60,"column":3}},"line":58},"12":{"name":"(anonymous_12)","decl":{"start":{"line":61,"column":17},"end":{"line":61,"column":18}},"loc":{"start":{"line":61,"column":28},"end":{"line":65,"column":3}},"line":61},"13":{"name":"(anonymous_13)","decl":{"start":{"line":66,"column":22},"end":{"line":66,"column":23}},"loc":{"start":{"line":66,"column":33},"end":{"line":70,"column":3}},"line":66},"14":{"name":"(anonymous_14)","decl":{"start":{"line":71,"column":26},"end":{"line":71,"column":27}},"loc":{"start":{"line":71,"column":37},"end":{"line":75,"column":3}},"line":71},"15":{"name":"(anonymous_15)","decl":{"start":{"line":76,"column":20},"end":{"line":76,"column":21}},"loc":{"start":{"line":76,"column":31},"end":{"line":80,"column":3}},"line":76},"16":{"name":"(anonymous_16)","decl":{"start":{"line":81,"column":18},"end":{"line":81,"column":19}},"loc":{"start":{"line":81,"column":29},"end":{"line":84,"column":3}},"line":81},"17":{"name":"limpar","decl":{"start":{"line":88,"column":9},"end":{"line":88,"column":15}},"loc":{"start":{"line":88,"column":17},"end":{"line":90,"column":1}},"line":88},"18":{"name":"resetar","decl":{"start":{"line":92,"column":9},"end":{"line":92,"column":16}},"loc":{"start":{"line":92,"column":18},"end":{"line":97,"column":1}},"line":92},"19":{"name":"resolver","decl":{"start":{"line":99,"column":9},"end":{"line":99,"column":17}},"loc":{"start":{"line":99,"column":19},"end":{"line":117,"column":1}},"line":99}},"branchMap":{"0":{"loc":{"start":{"line":101,"column":2},"end":{"line":114,"column":3}},"type":"switch","locations":[{"start":{"line":102,"column":4},"end":{"line":104,"column":12}},{"start":{"line":105,"column":4},"end":{"line":107,"column":14}},{"start":{"line":108,"column":4},"end":{"line":110,"column":12}},{"start":{"line":111,"column":4},"end":{"line":113,"column":12}}],"line":101}},"s":{"0":0,"1":0,"2":0,"3":0,"4":0,"5":0,"6":0,"7":0,"8":0,"9":0,"10":0,"11":0,"12":0,"13":0,"14":0,"15":0,"16":0,"17":0,"18":0,"19":0,"20":0,"21":0,"22":0,"23":0,"24":0,"25":0,"26":0,"27":0,"28":0,"29":0,"30":0,"31":0,"32":0,"33":0,"34":0,"35":0,"36":0,"37":0,"38":0,"39":0,"40":0,"41":0,"42":0,"43":0,"44":0,"45":0,"46":0,"47":0,"48":0,"49":0,"50":0,"51":0,"52":0,"53":0,"54":0,"55":0,"56":0,"57":0,"58":0,"59":0,"60":0,"61":0,"62":0,"63":0,"64":0,"65":0,"66":0,"67":0,"68":0,"69":0,"70":0,"71":0,"72":0,"73":0,"74":0},"f":{"0":0,"1":0,"2":0,"3":0,"4":0,"5":0,"6":0,"7":0,"8":0,"9":0,"10":0,"11":0,"12":0,"13":0,"14":0,"15":0,"16":0,"17":0,"18":0,"19":0},"b":{"0":[0,0,0,0]},"_coverageSchema":"1a1c01bbd47fc00a2c39e90264f33305004495a9","hash":"21cf243826150b753d61bfa1d6dd9a05a5faaf83"}
}
