{"C:\\Users\\Gustavo\\Desktop\\DH\\testing-1\\calculadora_com unit test\\funcionalidad.js": {"path":"C:\\Users\\Gustavo\\Desktop\\DH\\testing-1\\calculadora_com unit test\\funcionalidad.js","statementMap":{"0":{"start":{"line":6,"column":0},"end":{"line":18,"column":1}},"1":{"start":{"line":7,"column":4},"end":{"line":9,"column":5}},"2":{"start":{"line":8,"column":8},"end":{"line":8,"column":22}},"3":{"start":{"line":10,"column":4},"end":{"line":12,"column":5}},"4":{"start":{"line":11,"column":8},"end":{"line":11,"column":22}},"5":{"start":{"line":13,"column":4},"end":{"line":15,"column":5}},"6":{"start":{"line":14,"column":8},"end":{"line":14,"column":21}},"7":{"start":{"line":16,"column":17},"end":{"line":16,"column":49}},"8":{"start":{"line":17,"column":4},"end":{"line":17,"column":16}},"9":{"start":{"line":22,"column":18},"end":{"line":22,"column":54}},"10":{"start":{"line":23,"column":14},"end":{"line":23,"column":46}},"11":{"start":{"line":24,"column":13},"end":{"line":24,"column":44}},"12":{"start":{"line":25,"column":18},"end":{"line":25,"column":54}},"13":{"start":{"line":26,"column":22},"end":{"line":26,"column":62}},"14":{"start":{"line":27,"column":16},"end":{"line":27,"column":50}},"15":{"start":{"line":28,"column":14},"end":{"line":28,"column":46}},"16":{"start":{"line":29,"column":11},"end":{"line":29,"column":40}},"17":{"start":{"line":30,"column":13},"end":{"line":30,"column":44}},"18":{"start":{"line":31,"column":13},"end":{"line":31,"column":44}},"19":{"start":{"line":32,"column":15},"end":{"line":32,"column":48}},"20":{"start":{"line":33,"column":14},"end":{"line":33,"column":46}},"21":{"start":{"line":34,"column":13},"end":{"line":34,"column":44}},"22":{"start":{"line":35,"column":13},"end":{"line":35,"column":44}},"23":{"start":{"line":36,"column":13},"end":{"line":36,"column":44}},"24":{"start":{"line":37,"column":13},"end":{"line":37,"column":44}},"25":{"start":{"line":38,"column":13},"end":{"line":38,"column":44}},"26":{"start":{"line":41,"column":2},"end":{"line":43,"column":3}},"27":{"start":{"line":42,"column":6},"end":{"line":42,"column":59}},"28":{"start":{"line":44,"column":2},"end":{"line":46,"column":3}},"29":{"start":{"line":45,"column":6},"end":{"line":45,"column":59}},"30":{"start":{"line":47,"column":2},"end":{"line":49,"column":3}},"31":{"start":{"line":48,"column":6},"end":{"line":48,"column":59}},"32":{"start":{"line":50,"column":2},"end":{"line":52,"column":3}},"33":{"start":{"line":51,"column":6},"end":{"line":51,"column":59}},"34":{"start":{"line":53,"column":2},"end":{"line":55,"column":3}},"35":{"start":{"line":54,"column":6},"end":{"line":54,"column":59}},"36":{"start":{"line":56,"column":2},"end":{"line":58,"column":3}},"37":{"start":{"line":57,"column":6},"end":{"line":57,"column":59}},"38":{"start":{"line":59,"column":2},"end":{"line":61,"column":3}},"39":{"start":{"line":60,"column":6},"end":{"line":60,"column":59}},"40":{"start":{"line":62,"column":2},"end":{"line":64,"column":3}},"41":{"start":{"line":63,"column":6},"end":{"line":63,"column":59}},"42":{"start":{"line":65,"column":2},"end":{"line":67,"column":3}},"43":{"start":{"line":66,"column":6},"end":{"line":66,"column":59}},"44":{"start":{"line":68,"column":2},"end":{"line":70,"column":3}},"45":{"start":{"line":69,"column":6},"end":{"line":69,"column":59}},"46":{"start":{"line":71,"column":2},"end":{"line":73,"column":3}},"47":{"start":{"line":72,"column":6},"end":{"line":72,"column":16}},"48":{"start":{"line":74,"column":2},"end":{"line":78,"column":3}},"49":{"start":{"line":75,"column":6},"end":{"line":75,"column":41}},"50":{"start":{"line":76,"column":6},"end":{"line":76,"column":21}},"51":{"start":{"line":77,"column":6},"end":{"line":77,"column":15}},"52":{"start":{"line":79,"column":2},"end":{"line":83,"column":3}},"53":{"start":{"line":80,"column":6},"end":{"line":80,"column":41}},"54":{"start":{"line":81,"column":6},"end":{"line":81,"column":21}},"55":{"start":{"line":82,"column":6},"end":{"line":82,"column":15}},"56":{"start":{"line":84,"column":2},"end":{"line":88,"column":3}},"57":{"start":{"line":85,"column":6},"end":{"line":85,"column":41}},"58":{"start":{"line":86,"column":6},"end":{"line":86,"column":21}},"59":{"start":{"line":87,"column":6},"end":{"line":87,"column":15}},"60":{"start":{"line":89,"column":2},"end":{"line":93,"column":3}},"61":{"start":{"line":90,"column":6},"end":{"line":90,"column":41}},"62":{"start":{"line":91,"column":6},"end":{"line":91,"column":21}},"63":{"start":{"line":92,"column":6},"end":{"line":92,"column":15}},"64":{"start":{"line":94,"column":2},"end":{"line":97,"column":3}},"65":{"start":{"line":95,"column":6},"end":{"line":95,"column":41}},"66":{"start":{"line":96,"column":6},"end":{"line":96,"column":17}},"67":{"start":{"line":101,"column":0},"end":{"line":103,"column":1}},"68":{"start":{"line":102,"column":4},"end":{"line":102,"column":11}},"69":{"start":{"line":106,"column":2},"end":{"line":106,"column":29}},"70":{"start":{"line":109,"column":0},"end":{"line":111,"column":1}},"71":{"start":{"line":110,"column":4},"end":{"line":110,"column":13}},"72":{"start":{"line":114,"column":2},"end":{"line":114,"column":29}},"73":{"start":{"line":115,"column":2},"end":{"line":115,"column":17}},"74":{"start":{"line":116,"column":2},"end":{"line":116,"column":17}},"75":{"start":{"line":117,"column":2},"end":{"line":117,"column":16}},"76":{"start":{"line":120,"column":0},"end":{"line":122,"column":1}},"77":{"start":{"line":121,"column":4},"end":{"line":121,"column":14}},"78":{"start":{"line":125,"column":12},"end":{"line":125,"column":13}},"79":{"start":{"line":126,"column":2},"end":{"line":139,"column":3}},"80":{"start":{"line":128,"column":6},"end":{"line":128,"column":60}},"81":{"start":{"line":129,"column":6},"end":{"line":129,"column":12}},"82":{"start":{"line":131,"column":8},"end":{"line":131,"column":62}},"83":{"start":{"line":132,"column":8},"end":{"line":132,"column":14}},"84":{"start":{"line":134,"column":6},"end":{"line":134,"column":60}},"85":{"start":{"line":135,"column":6},"end":{"line":135,"column":12}},"86":{"start":{"line":137,"column":6},"end":{"line":137,"column":60}},"87":{"start":{"line":138,"column":6},"end":{"line":138,"column":12}},"88":{"start":{"line":140,"column":2},"end":{"line":140,"column":12}},"89":{"start":{"line":141,"column":2},"end":{"line":141,"column":30}},"90":{"start":{"line":144,"column":0},"end":{"line":146,"column":1}},"91":{"start":{"line":145,"column":4},"end":{"line":145,"column":15}}},"fnMap":{"0":{"name":"(anonymous_0)","decl":{"start":{"line":6,"column":17},"end":{"line":6,"column":18}},"loc":{"start":{"line":6,"column":30},"end":{"line":18,"column":1}},"line":6},"1":{"name":"init","decl":{"start":{"line":20,"column":9},"end":{"line":20,"column":13}},"loc":{"start":{"line":20,"column":15},"end":{"line":99,"column":1}},"line":20},"2":{"name":"(anonymous_2)","decl":{"start":{"line":41,"column":15},"end":{"line":41,"column":16}},"loc":{"start":{"line":41,"column":26},"end":{"line":43,"column":3}},"line":41},"3":{"name":"(anonymous_3)","decl":{"start":{"line":44,"column":17},"end":{"line":44,"column":18}},"loc":{"start":{"line":44,"column":28},"end":{"line":46,"column":3}},"line":44},"4":{"name":"(anonymous_4)","decl":{"start":{"line":47,"column":17},"end":{"line":47,"column":18}},"loc":{"start":{"line":47,"column":28},"end":{"line":49,"column":3}},"line":47},"5":{"name":"(anonymous_5)","decl":{"start":{"line":50,"column":19},"end":{"line":50,"column":20}},"loc":{"start":{"line":50,"column":30},"end":{"line":52,"column":3}},"line":50},"6":{"name":"(anonymous_6)","decl":{"start":{"line":53,"column":18},"end":{"line":53,"column":19}},"loc":{"start":{"line":53,"column":29},"end":{"line":55,"column":3}},"line":53},"7":{"name":"(anonymous_7)","decl":{"start":{"line":56,"column":17},"end":{"line":56,"column":18}},"loc":{"start":{"line":56,"column":28},"end":{"line":58,"column":3}},"line":56},"8":{"name":"(anonymous_8)","decl":{"start":{"line":59,"column":17},"end":{"line":59,"column":18}},"loc":{"start":{"line":59,"column":28},"end":{"line":61,"column":3}},"line":59},"9":{"name":"(anonymous_9)","decl":{"start":{"line":62,"column":17},"end":{"line":62,"column":18}},"loc":{"start":{"line":62,"column":28},"end":{"line":64,"column":3}},"line":62},"10":{"name":"(anonymous_10)","decl":{"start":{"line":65,"column":17},"end":{"line":65,"column":18}},"loc":{"start":{"line":65,"column":28},"end":{"line":67,"column":3}},"line":65},"11":{"name":"(anonymous_11)","decl":{"start":{"line":68,"column":17},"end":{"line":68,"column":18}},"loc":{"start":{"line":68,"column":28},"end":{"line":70,"column":3}},"line":68},"12":{"name":"(anonymous_12)","decl":{"start":{"line":71,"column":18},"end":{"line":71,"column":19}},"loc":{"start":{"line":71,"column":29},"end":{"line":73,"column":3}},"line":71},"13":{"name":"(anonymous_13)","decl":{"start":{"line":74,"column":17},"end":{"line":74,"column":18}},"loc":{"start":{"line":74,"column":28},"end":{"line":78,"column":3}},"line":74},"14":{"name":"(anonymous_14)","decl":{"start":{"line":79,"column":22},"end":{"line":79,"column":23}},"loc":{"start":{"line":79,"column":33},"end":{"line":83,"column":3}},"line":79},"15":{"name":"(anonymous_15)","decl":{"start":{"line":84,"column":26},"end":{"line":84,"column":27}},"loc":{"start":{"line":84,"column":37},"end":{"line":88,"column":3}},"line":84},"16":{"name":"(anonymous_16)","decl":{"start":{"line":89,"column":20},"end":{"line":89,"column":21}},"loc":{"start":{"line":89,"column":31},"end":{"line":93,"column":3}},"line":89},"17":{"name":"(anonymous_17)","decl":{"start":{"line":94,"column":18},"end":{"line":94,"column":19}},"loc":{"start":{"line":94,"column":29},"end":{"line":97,"column":3}},"line":94},"18":{"name":"(anonymous_18)","decl":{"start":{"line":101,"column":14},"end":{"line":101,"column":15}},"loc":{"start":{"line":101,"column":19},"end":{"line":103,"column":1}},"line":101},"19":{"name":"limpar","decl":{"start":{"line":105,"column":9},"end":{"line":105,"column":15}},"loc":{"start":{"line":105,"column":17},"end":{"line":107,"column":1}},"line":105},"20":{"name":"(anonymous_20)","decl":{"start":{"line":109,"column":16},"end":{"line":109,"column":17}},"loc":{"start":{"line":109,"column":21},"end":{"line":111,"column":1}},"line":109},"21":{"name":"resetar","decl":{"start":{"line":113,"column":9},"end":{"line":113,"column":16}},"loc":{"start":{"line":113,"column":18},"end":{"line":118,"column":1}},"line":113},"22":{"name":"(anonymous_22)","decl":{"start":{"line":120,"column":17},"end":{"line":120,"column":18}},"loc":{"start":{"line":120,"column":22},"end":{"line":122,"column":1}},"line":120},"23":{"name":"resolver","decl":{"start":{"line":124,"column":9},"end":{"line":124,"column":17}},"loc":{"start":{"line":124,"column":19},"end":{"line":142,"column":1}},"line":124},"24":{"name":"(anonymous_24)","decl":{"start":{"line":144,"column":18},"end":{"line":144,"column":19}},"loc":{"start":{"line":144,"column":23},"end":{"line":146,"column":1}},"line":144}},"branchMap":{"0":{"loc":{"start":{"line":7,"column":4},"end":{"line":9,"column":5}},"type":"if","locations":[{"start":{"line":7,"column":4},"end":{"line":9,"column":5}},{"start":{"line":7,"column":4},"end":{"line":9,"column":5}}],"line":7},"1":{"loc":{"start":{"line":10,"column":4},"end":{"line":12,"column":5}},"type":"if","locations":[{"start":{"line":10,"column":4},"end":{"line":12,"column":5}},{"start":{"line":10,"column":4},"end":{"line":12,"column":5}}],"line":10},"2":{"loc":{"start":{"line":13,"column":4},"end":{"line":15,"column":5}},"type":"if","locations":[{"start":{"line":13,"column":4},"end":{"line":15,"column":5}},{"start":{"line":13,"column":4},"end":{"line":15,"column":5}}],"line":13},"3":{"loc":{"start":{"line":126,"column":2},"end":{"line":139,"column":3}},"type":"switch","locations":[{"start":{"line":127,"column":4},"end":{"line":129,"column":12}},{"start":{"line":130,"column":4},"end":{"line":132,"column":14}},{"start":{"line":133,"column":4},"end":{"line":135,"column":12}},{"start":{"line":136,"column":4},"end":{"line":138,"column":12}}],"line":126}},"s":{"0":1,"1":14,"2":5,"3":14,"4":5,"5":14,"6":5,"7":14,"8":14,"9":14,"10":14,"11":14,"12":14,"13":14,"14":14,"15":14,"16":14,"17":14,"18":14,"19":14,"20":14,"21":14,"22":14,"23":14,"24":14,"25":14,"26":14,"27":1,"28":14,"29":1,"30":14,"31":1,"32":14,"33":1,"34":14,"35":1,"36":14,"37":1,"38":14,"39":1,"40":14,"41":1,"42":14,"43":1,"44":14,"45":1,"46":14,"47":0,"48":14,"49":1,"50":1,"51":1,"52":14,"53":1,"54":1,"55":1,"56":14,"57":1,"58":1,"59":1,"60":14,"61":1,"62":1,"63":1,"64":14,"65":0,"66":0,"67":1,"68":14,"69":19,"70":1,"71":15,"72":5,"73":5,"74":5,"75":5,"76":1,"77":1,"78":4,"79":4,"80":1,"81":1,"82":1,"83":1,"84":1,"85":1,"86":1,"87":1,"88":4,"89":4,"90":1,"91":4},"f":{"0":14,"1":14,"2":1,"3":1,"4":1,"5":1,"6":1,"7":1,"8":1,"9":1,"10":1,"11":1,"12":0,"13":1,"14":1,"15":1,"16":1,"17":0,"18":14,"19":19,"20":15,"21":5,"22":1,"23":4,"24":4},"b":{"0":[5,9],"1":[5,9],"2":[5,9],"3":[1,1,1,1]},"_coverageSchema":"1a1c01bbd47fc00a2c39e90264f33305004495a9","hash":"f18af9d42816ed19abb7a589cc4595e1c0e6da40"}
}
