TN:
SF:funcionalidad.js
FN:6,(anonymous_0)
FN:20,init
FN:41,(anonymous_2)
FN:44,(anonymous_3)
FN:47,(anonymous_4)
FN:50,(anonymous_5)
FN:53,(anonymous_6)
FN:56,(anonymous_7)
FN:59,(anonymous_8)
FN:62,(anonymous_9)
FN:65,(anonymous_10)
FN:68,(anonymous_11)
FN:71,(anonymous_12)
FN:74,(anonymous_13)
FN:79,(anonymous_14)
FN:84,(anonymous_15)
FN:89,(anonymous_16)
FN:94,(anonymous_17)
FN:101,(anonymous_18)
FN:105,limpar
FN:109,(anonymous_20)
FN:113,resetar
FN:120,(anonymous_22)
FN:124,resolver
FN:144,(anonymous_24)
FNF:25
FNH:23
FNDA:14,(anonymous_0)
FNDA:14,init
FNDA:1,(anonymous_2)
FNDA:1,(anonymous_3)
FNDA:1,(anonymous_4)
FNDA:1,(anonymous_5)
FNDA:1,(anonymous_6)
FNDA:1,(anonymous_7)
FNDA:1,(anonymous_8)
FNDA:1,(anonymous_9)
FNDA:1,(anonymous_10)
FNDA:1,(anonymous_11)
FNDA:0,(anonymous_12)
FNDA:1,(anonymous_13)
FNDA:1,(anonymous_14)
FNDA:1,(anonymous_15)
FNDA:1,(anonymous_16)
FNDA:0,(anonymous_17)
FNDA:14,(anonymous_18)
FNDA:19,limpar
FNDA:15,(anonymous_20)
FNDA:5,resetar
FNDA:1,(anonymous_22)
FNDA:4,resolver
FNDA:4,(anonymous_24)
DA:6,1
DA:7,14
DA:8,5
DA:10,14
DA:11,5
DA:13,14
DA:14,5
DA:16,14
DA:17,14
DA:22,14
DA:23,14
DA:24,14
DA:25,14
DA:26,14
DA:27,14
DA:28,14
DA:29,14
DA:30,14
DA:31,14
DA:32,14
DA:33,14
DA:34,14
DA:35,14
DA:36,14
DA:37,14
DA:38,14
DA:41,14
DA:42,1
DA:44,14
DA:45,1
DA:47,14
DA:48,1
DA:50,14
DA:51,1
DA:53,14
DA:54,1
DA:56,14
DA:57,1
DA:59,14
DA:60,1
DA:62,14
DA:63,1
DA:65,14
DA:66,1
DA:68,14
DA:69,1
DA:71,14
DA:72,0
DA:74,14
DA:75,1
DA:76,1
DA:77,1
DA:79,14
DA:80,1
DA:81,1
DA:82,1
DA:84,14
DA:85,1
DA:86,1
DA:87,1
DA:89,14
DA:90,1
DA:91,1
DA:92,1
DA:94,14
DA:95,0
DA:96,0
DA:101,1
DA:102,14
DA:106,19
DA:109,1
DA:110,15
DA:114,5
DA:115,5
DA:116,5
DA:117,5
DA:120,1
DA:121,1
DA:125,4
DA:126,4
DA:128,1
DA:129,1
DA:131,1
DA:132,1
DA:134,1
DA:135,1
DA:137,1
DA:138,1
DA:140,4
DA:141,4
DA:144,1
DA:145,4
LF:92
LH:89
BRDA:7,0,0,5
BRDA:7,0,1,9
BRDA:10,1,0,5
BRDA:10,1,1,9
BRDA:13,2,0,5
BRDA:13,2,1,9
BRDA:126,3,0,1
BRDA:126,3,1,1
BRDA:126,3,2,1
BRDA:126,3,3,1
BRF:10
BRH:10
end_of_record
